<?xml version="1.0" encoding="UTF-8"?>
<!-- Generated by org.testng.reporters.JUnitReportReporter -->
<testsuite hostname="DESKTOP-V8R5LUC" failures="0" tests="3" name="Re_assuredDemo.TC_01POST" time="4.284" errors="0" timestamp="2021-06-22T00:47:35 IST" skipped="0">
  <testcase classname="Re_assuredDemo.TC_01POST" name="test_01p" time="2.908"/>
  <system-out/>
  <testcase classname="Re_assuredDemo.TC_01POST" name="test_03p" time="0.603"/>
  <system-out/>
  <testcase classname="Re_assuredDemo.TC_01POST" name="test_02p" time="0.773"/>
  <system-out/>
</testsuite> <!-- Re_assuredDemo.TC_01POST -->
