<?xml version="1.0" encoding="UTF-8"?>
<!-- Generated by org.testng.reporters.JUnitReportReporter -->
<testsuite hostname="DESKTOP-V8R5LUC" failures="0" tests="1" name="Re_assuredDemo.Test_02" time="3.210" errors="0" timestamp="2021-06-22T00:00:43 IST" skipped="0">
  <testcase classname="Re_assuredDemo.Test_02" name="test01" time="3.210"/>
  <system-out/>
</testsuite> <!-- Re_assuredDemo.Test_02 -->
